{"name": "test_Formulario", "status": "broken", "statusDetails": {"message": "selenium.common.exceptions.NoSuchElementException: Message: no such element: Unable to locate element: {\"method\":\"xpath\",\"selector\":\"/html/body/div[4]/div/div/div[2]/div/table\"}\n  (Session info: chrome=112.0.5615.49)\nStacktrace:\nBacktrace:\n\tGetHandleVerifier [0x0115DCE3+50899]\n\t(No symbol) [0x010EE111]\n\t(No symbol) [0x00FF5588]\n\t(No symbol) [0x010208F9]\n\t(No symbol) [0x01020AFB]\n\t(No symbol) [0x0104F902]\n\t(No symbol) [0x0103B944]\n\t(No symbol) [0x0104E01C]\n\t(No symbol) [0x0103B6F6]\n\t(No symbol) [0x01017708]\n\t(No symbol) [0x0101886D]\n\tGetHandleVerifier [0x013C3EAE+2566302]\n\tGetHandleVerifier [0x013F92B1+2784417]\n\tGetHandleVerifier [0x013F327C+2759788]\n\tGetHandleVerifier [0x011F5740+672048]\n\t(No symbol) [0x010F8872]\n\t(No symbol) [0x010F41C8]\n\t(No symbol) [0x010F42AB]\n\t(No symbol) [0x010E71B7]\n\tBaseThreadInitThunk [0x756E00F9+25]\n\tRtlGetAppContainerNamedObjectPath [0x77867BBE+286]\n\tRtlGetAppContainerNamedObjectPath [0x77867B8E+238]", "trace": "def test_Formulario():\n    \n        # Escribe el Nombre Apellido, Correo, Teléfono y Dirección\n        for n in range(0, 5):\n            funciones.writeXP(lista_elementos[n], lista_datos[n])\n    \n        # Obtiene el género y lo selecciona en la web\n        funciones.Click(ruta.obtenerGenero(lista_datos[7]))\n    \n        # Pulsa sobre el Calendario y lo despliega\n        funciones.Click(ruta.form.datepicker)\n    \n        # Llama al método que escribe en el DatePicker la fecha de prueba (Obtenida del Excel)\n        selecionarFechaCalendario()\n    \n        # Llama la método que revuelve el Listado de Asignaturas\n        asignaturas = ruta.separar_palabras(lista_datos[9])\n    \n        # Escribe las asignaturas en el autocompletar y pulsar ENTER\n        funciones.Click(ruta.form.asignaturas)\n        for asginatura in asignaturas:\n            actions.send_keys(asginatura)\n            actions.perform()\n            time.sleep(0.1)\n            actions.send_keys(Keys.ENTER)\n            actions.perform()\n    \n        # Obtiene el listado y hace Click en los hobbies\n        for hobbie in obtenerHobbies(lista_datos[10]):\n            funciones.Click(hobbie)\n    \n    \n        # Sube la imagen JPG\n        funciones.writeXP(ruta.form.btn_uplodad, ruta.form.ruta_imagen)\n    \n        # Escribe el estado\n        funciones.Click(ruta.form.estado)\n        actions.send_keys(lista_datos[5] + Keys.ENTER)\n        actions.perform()\n    \n        # Escribe la ciudad\n        funciones.Click(ruta.form.ciudad)\n        actions.send_keys(lista_datos[6] + Keys.ENTER)\n        actions.perform()\n    \n        # Click en Submit para enviar todos los datos\n        funciones.Click(ruta.form.submit)\n    \n    \n        # Esperar a que el modal esté presente\n        time.sleep(1)\n    \n        # Compara los datos encontrados dentro del Modal con los datos Esperados\n>       datos_modal = funciones.getText(ruta.form.tabla_modal)\n\nForm\\Test\\test_form.py:118: \n_ _ _ _ _ _ _ _ _ _ _ _ _ _ _ _ _ _ _ _ _ _ _ _ _ _ _ _ _ _ _ _ _ _ _ _ _ _ _ _\nFuncions\\funcions.py:106: in getText\n    texto = self.driver.find_element(by=By.XPATH, value=XPATH).text\nC:\\Users\\ralegrem\\AppData\\Local\\Programs\\Python\\Python311\\Lib\\site-packages\\selenium\\webdriver\\remote\\webdriver.py:830: in find_element\n    return self.execute(Command.FIND_ELEMENT, {\"using\": by, \"value\": value})[\"value\"]\nC:\\Users\\ralegrem\\AppData\\Local\\Programs\\Python\\Python311\\Lib\\site-packages\\selenium\\webdriver\\remote\\webdriver.py:440: in execute\n    self.error_handler.check_response(response)\n_ _ _ _ _ _ _ _ _ _ _ _ _ _ _ _ _ _ _ _ _ _ _ _ _ _ _ _ _ _ _ _ _ _ _ _ _ _ _ _\n\nself = <selenium.webdriver.remote.errorhandler.ErrorHandler object at 0x0000021E3AFEAED0>\nresponse = {'status': 404, 'value': '{\"value\":{\"error\":\"no such element\",\"message\":\"no such element: Unable to locate element: {\\...\\n\\\\tRtlGetAppContainerNamedObjectPath [0x77867BBE+286]\\\\n\\\\tRtlGetAppContainerNamedObjectPath [0x77867B8E+238]\\\\n\"}}'}\n\n    def check_response(self, response: Dict[str, Any]) -> None:\n        \"\"\"Checks that a JSON response from the WebDriver does not have an\n        error.\n    \n        :Args:\n         - response - The JSON response from the WebDriver server as a dictionary\n           object.\n    \n        :Raises: If the response contains an error message.\n        \"\"\"\n        status = response.get(\"status\", None)\n        if not status or status == ErrorCode.SUCCESS:\n            return\n        value = None\n        message = response.get(\"message\", \"\")\n        screen: str = response.get(\"screen\", \"\")\n        stacktrace = None\n        if isinstance(status, int):\n            value_json = response.get(\"value\", None)\n            if value_json and isinstance(value_json, str):\n                import json\n    \n                try:\n                    value = json.loads(value_json)\n                    if len(value.keys()) == 1:\n                        value = value[\"value\"]\n                    status = value.get(\"error\", None)\n                    if not status:\n                        status = value.get(\"status\", ErrorCode.UNKNOWN_ERROR)\n                        message = value.get(\"value\") or value.get(\"message\")\n                        if not isinstance(message, str):\n                            value = message\n                            message = message.get(\"message\")\n                    else:\n                        message = value.get(\"message\", None)\n                except ValueError:\n                    pass\n    \n        exception_class: Type[WebDriverException]\n        if status in ErrorCode.NO_SUCH_ELEMENT:\n            exception_class = NoSuchElementException\n        elif status in ErrorCode.NO_SUCH_FRAME:\n            exception_class = NoSuchFrameException\n        elif status in ErrorCode.NO_SUCH_SHADOW_ROOT:\n            exception_class = NoSuchShadowRootException\n        elif status in ErrorCode.NO_SUCH_WINDOW:\n            exception_class = NoSuchWindowException\n        elif status in ErrorCode.STALE_ELEMENT_REFERENCE:\n            exception_class = StaleElementReferenceException\n        elif status in ErrorCode.ELEMENT_NOT_VISIBLE:\n            exception_class = ElementNotVisibleException\n        elif status in ErrorCode.INVALID_ELEMENT_STATE:\n            exception_class = InvalidElementStateException\n        elif (\n            status in ErrorCode.INVALID_SELECTOR\n            or status in ErrorCode.INVALID_XPATH_SELECTOR\n            or status in ErrorCode.INVALID_XPATH_SELECTOR_RETURN_TYPER\n        ):\n            exception_class = InvalidSelectorException\n        elif status in ErrorCode.ELEMENT_IS_NOT_SELECTABLE:\n            exception_class = ElementNotSelectableException\n        elif status in ErrorCode.ELEMENT_NOT_INTERACTABLE:\n            exception_class = ElementNotInteractableException\n        elif status in ErrorCode.INVALID_COOKIE_DOMAIN:\n            exception_class = InvalidCookieDomainException\n        elif status in ErrorCode.UNABLE_TO_SET_COOKIE:\n            exception_class = UnableToSetCookieException\n        elif status in ErrorCode.TIMEOUT:\n            exception_class = TimeoutException\n        elif status in ErrorCode.SCRIPT_TIMEOUT:\n            exception_class = TimeoutException\n        elif status in ErrorCode.UNKNOWN_ERROR:\n            exception_class = WebDriverException\n        elif status in ErrorCode.UNEXPECTED_ALERT_OPEN:\n            exception_class = UnexpectedAlertPresentException\n        elif status in ErrorCode.NO_ALERT_OPEN:\n            exception_class = NoAlertPresentException\n        elif status in ErrorCode.IME_NOT_AVAILABLE:\n            exception_class = ImeNotAvailableException\n        elif status in ErrorCode.IME_ENGINE_ACTIVATION_FAILED:\n            exception_class = ImeActivationFailedException\n        elif status in ErrorCode.MOVE_TARGET_OUT_OF_BOUNDS:\n            exception_class = MoveTargetOutOfBoundsException\n        elif status in ErrorCode.JAVASCRIPT_ERROR:\n            exception_class = JavascriptException\n        elif status in ErrorCode.SESSION_NOT_CREATED:\n            exception_class = SessionNotCreatedException\n        elif status in ErrorCode.INVALID_ARGUMENT:\n            exception_class = InvalidArgumentException\n        elif status in ErrorCode.NO_SUCH_COOKIE:\n            exception_class = NoSuchCookieException\n        elif status in ErrorCode.UNABLE_TO_CAPTURE_SCREEN:\n            exception_class = ScreenshotException\n        elif status in ErrorCode.ELEMENT_CLICK_INTERCEPTED:\n            exception_class = ElementClickInterceptedException\n        elif status in ErrorCode.INSECURE_CERTIFICATE:\n            exception_class = InsecureCertificateException\n        elif status in ErrorCode.INVALID_COORDINATES:\n            exception_class = InvalidCoordinatesException\n        elif status in ErrorCode.INVALID_SESSION_ID:\n            exception_class = InvalidSessionIdException\n        elif status in ErrorCode.UNKNOWN_METHOD:\n            exception_class = UnknownMethodException\n        else:\n            exception_class = WebDriverException\n        if not value:\n            value = response[\"value\"]\n        if isinstance(value, str):\n            raise exception_class(value)\n        if message == \"\" and \"message\" in value:\n            message = value[\"message\"]\n    \n        screen = None  # type: ignore[assignment]\n        if \"screen\" in value:\n            screen = value[\"screen\"]\n    \n        stacktrace = None\n        st_value = value.get(\"stackTrace\") or value.get(\"stacktrace\")\n        if st_value:\n            if isinstance(st_value, str):\n                stacktrace = st_value.split(\"\\n\")\n            else:\n                stacktrace = []\n                try:\n                    for frame in st_value:\n                        line = frame.get(\"lineNumber\", \"\")\n                        file = frame.get(\"fileName\", \"<anonymous>\")\n                        if line:\n                            file = f\"{file}:{line}\"\n                        meth = frame.get(\"methodName\", \"<anonymous>\")\n                        if \"className\" in frame:\n                            meth = f\"{frame['className']}.{meth}\"\n                        msg = \"    at %s (%s)\"\n                        msg = msg % (meth, file)\n                        stacktrace.append(msg)\n                except TypeError:\n                    pass\n        if exception_class == UnexpectedAlertPresentException:\n            alert_text = None\n            if \"data\" in value:\n                alert_text = value[\"data\"].get(\"text\")\n            elif \"alert\" in value:\n                alert_text = value[\"alert\"].get(\"text\")\n            raise exception_class(message, screen, stacktrace, alert_text)  # type: ignore[call-arg]  # mypy is not smart enough here\n>       raise exception_class(message, screen, stacktrace)\nE       selenium.common.exceptions.NoSuchElementException: Message: no such element: Unable to locate element: {\"method\":\"xpath\",\"selector\":\"/html/body/div[4]/div/div/div[2]/div/table\"}\nE         (Session info: chrome=112.0.5615.49)\nE       Stacktrace:\nE       Backtrace:\nE       \tGetHandleVerifier [0x0115DCE3+50899]\nE       \t(No symbol) [0x010EE111]\nE       \t(No symbol) [0x00FF5588]\nE       \t(No symbol) [0x010208F9]\nE       \t(No symbol) [0x01020AFB]\nE       \t(No symbol) [0x0104F902]\nE       \t(No symbol) [0x0103B944]\nE       \t(No symbol) [0x0104E01C]\nE       \t(No symbol) [0x0103B6F6]\nE       \t(No symbol) [0x01017708]\nE       \t(No symbol) [0x0101886D]\nE       \tGetHandleVerifier [0x013C3EAE+2566302]\nE       \tGetHandleVerifier [0x013F92B1+2784417]\nE       \tGetHandleVerifier [0x013F327C+2759788]\nE       \tGetHandleVerifier [0x011F5740+672048]\nE       \t(No symbol) [0x010F8872]\nE       \t(No symbol) [0x010F41C8]\nE       \t(No symbol) [0x010F42AB]\nE       \t(No symbol) [0x010E71B7]\nE       \tBaseThreadInitThunk [0x756E00F9+25]\nE       \tRtlGetAppContainerNamedObjectPath [0x77867BBE+286]\nE       \tRtlGetAppContainerNamedObjectPath [0x77867B8E+238]\n\nC:\\Users\\ralegrem\\AppData\\Local\\Programs\\Python\\Python311\\Lib\\site-packages\\selenium\\webdriver\\remote\\errorhandler.py:245: NoSuchElementException"}, "start": 1681296739143, "stop": 1681296746834, "uuid": "1a99e76f-6b18-42d9-bfbe-99ee84c480f7", "historyId": "d2da905ec397f7f45d698d19692a9322", "testCaseId": "4833269c7b02367ce4f76e23f5431ea5", "fullName": "Form.Test.test_form#test_Formulario", "labels": [{"name": "parentSuite", "value": "Form.Test"}, {"name": "suite", "value": "test_form"}, {"name": "host", "value": "LES008954"}, {"name": "thread", "value": "27024-MainThread"}, {"name": "framework", "value": "pytest"}, {"name": "language", "value": "cpython3"}, {"name": "package", "value": "Form.Test.test_form"}]}